<?xml version="1.0" encoding="UTF-8"?>
<testsuite xmlns:xsi="http://www.w3.org/2001/XMLSchema-instance" xsi:noNamespaceSchemaLocation="https://maven.apache.org/surefire/maven-surefire-plugin/xsd/surefire-test-report-3.0.xsd" version="3.0" name="com.smy.gutenberggui.TestSubmittingForm" time="8.137" tests="3" errors="0" skipped="0" failures="0">
  <properties>
    <property name="sun.desktop" value="gnome"/>
    <property name="awt.toolkit" value="sun.awt.X11.XToolkit"/>
    <property name="java.specification.version" value="11"/>
    <property name="sun.cpu.isalist" value=""/>
    <property name="sun.jnu.encoding" value="UTF-8"/>
    <property name="java.class.path" value="/home/sam/NetBeansProjects/GutenBergGUI/target/test-classes:/home/sam/NetBeansProjects/GutenBergGUI/target/classes:/home/sam/.m2/repository/org/netbeans/external/AbsoluteLayout/RELEASE150/AbsoluteLayout-RELEASE150.jar:/home/sam/.m2/repository/org/junit/jupiter/junit-jupiter-engine/5.5.2/junit-jupiter-engine-5.5.2.jar:/home/sam/.m2/repository/org/apiguardian/apiguardian-api/1.1.0/apiguardian-api-1.1.0.jar:/home/sam/.m2/repository/org/junit/platform/junit-platform-engine/1.5.2/junit-platform-engine-1.5.2.jar:/home/sam/.m2/repository/org/opentest4j/opentest4j/1.2.0/opentest4j-1.2.0.jar:/home/sam/.m2/repository/org/junit/platform/junit-platform-commons/1.5.2/junit-platform-commons-1.5.2.jar:/home/sam/.m2/repository/org/junit/jupiter/junit-jupiter-api/5.5.2/junit-jupiter-api-5.5.2.jar:/home/sam/.m2/repository/com/formdev/flatlaf/2.6/flatlaf-2.6.jar:/home/sam/.m2/repository/com/fasterxml/jackson/core/jackson-databind/2.13.2.1/jackson-databind-2.13.2.1.jar:/home/sam/.m2/repository/com/fasterxml/jackson/core/jackson-annotations/2.13.2/jackson-annotations-2.13.2.jar:/home/sam/.m2/repository/com/fasterxml/jackson/core/jackson-core/2.13.2/jackson-core-2.13.2.jar:/home/sam/.m2/repository/org/projectlombok/lombok/1.18.24/lombok-1.18.24.jar:/home/sam/.m2/repository/net/sourceforge/htmlunit/htmlunit/2.66.0/htmlunit-2.66.0.jar:/home/sam/.m2/repository/org/apache/httpcomponents/httpmime/4.5.13/httpmime-4.5.13.jar:/home/sam/.m2/repository/org/apache/httpcomponents/httpclient/4.5.13/httpclient-4.5.13.jar:/home/sam/.m2/repository/org/apache/httpcomponents/httpcore/4.4.13/httpcore-4.4.13.jar:/home/sam/.m2/repository/net/sourceforge/htmlunit/htmlunit-core-js/2.66.0/htmlunit-core-js-2.66.0.jar:/home/sam/.m2/repository/net/sourceforge/htmlunit/neko-htmlunit/2.66.0/neko-htmlunit-2.66.0.jar:/home/sam/.m2/repository/xerces/xercesImpl/2.12.2/xercesImpl-2.12.2.jar:/home/sam/.m2/repository/xml-apis/xml-apis/1.4.01/xml-apis-1.4.01.jar:/home/sam/.m2/repository/net/sourceforge/htmlunit/htmlunit-cssparser/1.12.0/htmlunit-cssparser-1.12.0.jar:/home/sam/.m2/repository/net/sourceforge/htmlunit/htmlunit-xpath/2.66.0/htmlunit-xpath-2.66.0.jar:/home/sam/.m2/repository/org/apache/commons/commons-lang3/3.12.0/commons-lang3-3.12.0.jar:/home/sam/.m2/repository/org/apache/commons/commons-text/1.10.0/commons-text-1.10.0.jar:/home/sam/.m2/repository/commons-io/commons-io/2.10.0/commons-io-2.10.0.jar:/home/sam/.m2/repository/commons-logging/commons-logging/1.2/commons-logging-1.2.jar:/home/sam/.m2/repository/commons-net/commons-net/3.8.0/commons-net-3.8.0.jar:/home/sam/.m2/repository/commons-codec/commons-codec/1.15/commons-codec-1.15.jar:/home/sam/.m2/repository/org/brotli/dec/0.1.2/dec-0.1.2.jar:/home/sam/.m2/repository/com/shapesecurity/salvation2/3.0.1/salvation2-3.0.1.jar:/home/sam/.m2/repository/org/eclipse/jetty/websocket/websocket-client/9.4.49.v20220914/websocket-client-9.4.49.v20220914.jar:/home/sam/.m2/repository/org/eclipse/jetty/jetty-client/9.4.49.v20220914/jetty-client-9.4.49.v20220914.jar:/home/sam/.m2/repository/org/eclipse/jetty/jetty-http/9.4.49.v20220914/jetty-http-9.4.49.v20220914.jar:/home/sam/.m2/repository/org/eclipse/jetty/jetty-util/9.4.49.v20220914/jetty-util-9.4.49.v20220914.jar:/home/sam/.m2/repository/org/eclipse/jetty/jetty-io/9.4.49.v20220914/jetty-io-9.4.49.v20220914.jar:/home/sam/.m2/repository/org/eclipse/jetty/websocket/websocket-common/9.4.49.v20220914/websocket-common-9.4.49.v20220914.jar:/home/sam/.m2/repository/org/eclipse/jetty/websocket/websocket-api/9.4.49.v20220914/websocket-api-9.4.49.v20220914.jar:/home/sam/.m2/repository/mysql/mysql-connector-java/8.0.28/mysql-connector-java-8.0.28.jar:/home/sam/.m2/repository/com/google/protobuf/protobuf-java/3.11.4/protobuf-java-3.11.4.jar:"/>
    <property name="java.vm.vendor" value="Ubuntu"/>
    <property name="sun.arch.data.model" value="64"/>
    <property name="java.vendor.url" value="https://ubuntu.com/"/>
    <property name="user.timezone" value=""/>
    <property name="java.vm.specification.version" value="11"/>
    <property name="os.name" value="Linux"/>
    <property name="sun.java.launcher" value="SUN_STANDARD"/>
    <property name="user.country" value="US"/>
    <property name="sun.boot.library.path" value="/usr/lib/jvm/java-11-openjdk-amd64/lib"/>
    <property name="sun.java.command" value="/home/sam/NetBeansProjects/GutenBergGUI/target/surefire/surefirebooter2625343585864947361.jar /home/sam/NetBeansProjects/GutenBergGUI/target/surefire 2022-12-29T19-34-32_101-jvmRun1 surefire16922375550186364486tmp surefire_09035316563498283456tmp"/>
    <property name="jdk.debug" value="release"/>
    <property name="surefire.test.class.path" value="/home/sam/NetBeansProjects/GutenBergGUI/target/test-classes:/home/sam/NetBeansProjects/GutenBergGUI/target/classes:/home/sam/.m2/repository/org/netbeans/external/AbsoluteLayout/RELEASE150/AbsoluteLayout-RELEASE150.jar:/home/sam/.m2/repository/org/junit/jupiter/junit-jupiter-engine/5.5.2/junit-jupiter-engine-5.5.2.jar:/home/sam/.m2/repository/org/apiguardian/apiguardian-api/1.1.0/apiguardian-api-1.1.0.jar:/home/sam/.m2/repository/org/junit/platform/junit-platform-engine/1.5.2/junit-platform-engine-1.5.2.jar:/home/sam/.m2/repository/org/opentest4j/opentest4j/1.2.0/opentest4j-1.2.0.jar:/home/sam/.m2/repository/org/junit/platform/junit-platform-commons/1.5.2/junit-platform-commons-1.5.2.jar:/home/sam/.m2/repository/org/junit/jupiter/junit-jupiter-api/5.5.2/junit-jupiter-api-5.5.2.jar:/home/sam/.m2/repository/com/formdev/flatlaf/2.6/flatlaf-2.6.jar:/home/sam/.m2/repository/com/fasterxml/jackson/core/jackson-databind/2.13.2.1/jackson-databind-2.13.2.1.jar:/home/sam/.m2/repository/com/fasterxml/jackson/core/jackson-annotations/2.13.2/jackson-annotations-2.13.2.jar:/home/sam/.m2/repository/com/fasterxml/jackson/core/jackson-core/2.13.2/jackson-core-2.13.2.jar:/home/sam/.m2/repository/org/projectlombok/lombok/1.18.24/lombok-1.18.24.jar:/home/sam/.m2/repository/net/sourceforge/htmlunit/htmlunit/2.66.0/htmlunit-2.66.0.jar:/home/sam/.m2/repository/org/apache/httpcomponents/httpmime/4.5.13/httpmime-4.5.13.jar:/home/sam/.m2/repository/org/apache/httpcomponents/httpclient/4.5.13/httpclient-4.5.13.jar:/home/sam/.m2/repository/org/apache/httpcomponents/httpcore/4.4.13/httpcore-4.4.13.jar:/home/sam/.m2/repository/net/sourceforge/htmlunit/htmlunit-core-js/2.66.0/htmlunit-core-js-2.66.0.jar:/home/sam/.m2/repository/net/sourceforge/htmlunit/neko-htmlunit/2.66.0/neko-htmlunit-2.66.0.jar:/home/sam/.m2/repository/xerces/xercesImpl/2.12.2/xercesImpl-2.12.2.jar:/home/sam/.m2/repository/xml-apis/xml-apis/1.4.01/xml-apis-1.4.01.jar:/home/sam/.m2/repository/net/sourceforge/htmlunit/htmlunit-cssparser/1.12.0/htmlunit-cssparser-1.12.0.jar:/home/sam/.m2/repository/net/sourceforge/htmlunit/htmlunit-xpath/2.66.0/htmlunit-xpath-2.66.0.jar:/home/sam/.m2/repository/org/apache/commons/commons-lang3/3.12.0/commons-lang3-3.12.0.jar:/home/sam/.m2/repository/org/apache/commons/commons-text/1.10.0/commons-text-1.10.0.jar:/home/sam/.m2/repository/commons-io/commons-io/2.10.0/commons-io-2.10.0.jar:/home/sam/.m2/repository/commons-logging/commons-logging/1.2/commons-logging-1.2.jar:/home/sam/.m2/repository/commons-net/commons-net/3.8.0/commons-net-3.8.0.jar:/home/sam/.m2/repository/commons-codec/commons-codec/1.15/commons-codec-1.15.jar:/home/sam/.m2/repository/org/brotli/dec/0.1.2/dec-0.1.2.jar:/home/sam/.m2/repository/com/shapesecurity/salvation2/3.0.1/salvation2-3.0.1.jar:/home/sam/.m2/repository/org/eclipse/jetty/websocket/websocket-client/9.4.49.v20220914/websocket-client-9.4.49.v20220914.jar:/home/sam/.m2/repository/org/eclipse/jetty/jetty-client/9.4.49.v20220914/jetty-client-9.4.49.v20220914.jar:/home/sam/.m2/repository/org/eclipse/jetty/jetty-http/9.4.49.v20220914/jetty-http-9.4.49.v20220914.jar:/home/sam/.m2/repository/org/eclipse/jetty/jetty-util/9.4.49.v20220914/jetty-util-9.4.49.v20220914.jar:/home/sam/.m2/repository/org/eclipse/jetty/jetty-io/9.4.49.v20220914/jetty-io-9.4.49.v20220914.jar:/home/sam/.m2/repository/org/eclipse/jetty/websocket/websocket-common/9.4.49.v20220914/websocket-common-9.4.49.v20220914.jar:/home/sam/.m2/repository/org/eclipse/jetty/websocket/websocket-api/9.4.49.v20220914/websocket-api-9.4.49.v20220914.jar:/home/sam/.m2/repository/mysql/mysql-connector-java/8.0.28/mysql-connector-java-8.0.28.jar:/home/sam/.m2/repository/com/google/protobuf/protobuf-java/3.11.4/protobuf-java-3.11.4.jar:"/>
    <property name="sun.cpu.endian" value="little"/>
    <property name="user.home" value="/home/sam"/>
    <property name="user.language" value="en"/>
    <property name="java.specification.vendor" value="Oracle Corporation"/>
    <property name="java.version.date" value="2022-10-18"/>
    <property name="java.home" value="/usr/lib/jvm/java-11-openjdk-amd64"/>
    <property name="file.separator" value="/"/>
    <property name="basedir" value="/home/sam/NetBeansProjects/GutenBergGUI"/>
    <property name="java.vm.compressedOopsMode" value="Zero based"/>
    <property name="line.separator" value="&#10;"/>
    <property name="java.specification.name" value="Java Platform API Specification"/>
    <property name="java.vm.specification.vendor" value="Oracle Corporation"/>
    <property name="java.awt.graphicsenv" value="sun.awt.X11GraphicsEnvironment"/>
    <property name="surefire.real.class.path" value="/home/sam/NetBeansProjects/GutenBergGUI/target/surefire/surefirebooter2625343585864947361.jar"/>
    <property name="sun.management.compiler" value="HotSpot 64-Bit Tiered Compilers"/>
    <property name="java.runtime.version" value="11.0.17+8-post-Ubuntu-1ubuntu222.04"/>
    <property name="user.name" value="sam"/>
    <property name="path.separator" value=":"/>
    <property name="os.version" value="5.15.0-56-generic"/>
    <property name="java.runtime.name" value="OpenJDK Runtime Environment"/>
    <property name="file.encoding" value="UTF-8"/>
    <property name="java.vm.name" value="OpenJDK 64-Bit Server VM"/>
    <property name="localRepository" value="/home/sam/.m2/repository"/>
    <property name="java.vendor.url.bug" value="https://bugs.launchpad.net/ubuntu/+source/openjdk-lts"/>
    <property name="java.io.tmpdir" value="/tmp"/>
    <property name="java.version" value="11.0.17"/>
    <property name="user.dir" value="/home/sam/NetBeansProjects/GutenBergGUI"/>
    <property name="os.arch" value="amd64"/>
    <property name="java.vm.specification.name" value="Java Virtual Machine Specification"/>
    <property name="java.awt.printerjob" value="sun.print.PSPrinterJob"/>
    <property name="sun.os.patch.level" value="unknown"/>
    <property name="java.library.path" value="/usr/java/packages/lib:/usr/lib/x86_64-linux-gnu/jni:/lib/x86_64-linux-gnu:/usr/lib/x86_64-linux-gnu:/usr/lib/jni:/lib:/usr/lib"/>
    <property name="java.vm.info" value="mixed mode, sharing"/>
    <property name="java.vendor" value="Ubuntu"/>
    <property name="java.vm.version" value="11.0.17+8-post-Ubuntu-1ubuntu222.04"/>
    <property name="sun.io.unicode.encoding" value="UnicodeLittle"/>
    <property name="java.class.version" value="55.0"/>
  </properties>
  <testcase name="testSubmittingFormWithAuthorManlyWade" classname="com.smy.gutenberggui.TestSubmittingForm" time="3.149"/>
  <testcase name="testSubmittingFormWithTitleBlueElephant" classname="com.smy.gutenberggui.TestSubmittingForm" time="2.238"/>
  <testcase name="testSubmittingFormWithTitlea" classname="com.smy.gutenberggui.TestSubmittingForm" time="2.101"/>
</testsuite>